# JRE version: OpenJDK Runtime Environment (8.0_152-b02) (build 1.8.0_152-release-1024-b02)
# Java VM: OpenJDK 64-Bit Server VM (25.152-b02 mixed mode windows-amd64 compressed oops)
Heap:
 PSYoungGen      total 333824K, used 323335K [0x00000000e0000000, 0x00000000fb180000, 0x0000000100000000)
  eden space 314880K, 96% used [0x00000000e0000000,0x00000000f29b61b8,0x00000000f3380000)
  from space 18944K, 97% used [0x00000000f3380000,0x00000000f458be38,0x00000000f4600000)
  to   space 22016K, 0% used [0x00000000f9c00000,0x00000000f9c00000,0x00000000fb180000)
 ParOldGen       total 122368K, used 48495K [0x00000000a0000000, 0x00000000a7780000, 0x00000000e0000000)
  object space 122368K, 39% used [0x00000000a0000000,0x00000000a2f5beb0,0x00000000a7780000)
 Metaspace       used 79620K, capacity 83144K, committed 83416K, reserved 1122304K
  class space    used 10278K, capacity 10971K, committed 11008K, reserved 1048576K
GC Heap History (10 events):
Event: 43.233 GC heap before
{Heap before GC invocations=18 (full 3):
 PSYoungGen      total 208384K, used 196363K [0x00000000e0000000, 0x00000000ee000000, 0x0000000100000000)
  eden space 196608K, 99% used [0x00000000e0000000,0x00000000ebfc2d40,0x00000000ec000000)
  from space 11776K, 0% used [0x00000000ed480000,0x00000000ed480000,0x00000000ee000000)
  to   space 16384K, 0% used [0x00000000ec000000,0x00000000ec000000,0x00000000ed000000)
 ParOldGen       total 122368K, used 30644K [0x00000000a0000000, 0x00000000a7780000, 0x00000000e0000000)
  object space 122368K, 25% used [0x00000000a0000000,0x00000000a1ded088,0x00000000a7780000)
 Metaspace       used 63404K, capacity 65312K, committed 65496K, reserved 1105920K
  class space    used 8464K, capacity 8937K, committed 8960K, reserved 1048576K
Event: 43.272 GC heap after
Heap after GC invocations=18 (full 3):
 PSYoungGen      total 212992K, used 16363K [0x00000000e0000000, 0x00000000f1300000, 0x0000000100000000)
  eden space 196608K, 0% used [0x00000000e0000000,0x00000000e0000000,0x00000000ec000000)
  from space 16384K, 99% used [0x00000000ec000000,0x00000000ecffae20,0x00000000ed000000)
  to   space 18944K, 0% used [0x00000000f0080000,0x00000000f0080000,0x00000000f1300000)
 ParOldGen       total 122368K, used 31717K [0x00000000a0000000, 0x00000000a7780000, 0x00000000e0000000)
  object space 122368K, 25% used [0x00000000a0000000,0x00000000a1ef97a0,0x00000000a7780000)
 Metaspace       used 63404K, capacity 65312K, committed 65496K, reserved 1105920K
  class space    used 8464K, capacity 8937K, committed 8960K, reserved 1048576K
}
Event: 43.329 GC heap before
{Heap before GC invocations=19 (full 3):
 PSYoungGen      total 212992K, used 212880K [0x00000000e0000000, 0x00000000f1300000, 0x0000000100000000)
  eden space 196608K, 99% used [0x00000000e0000000,0x00000000ebfe92f8,0x00000000ec000000)
  from space 16384K, 99% used [0x00000000ec000000,0x00000000ecffae20,0x00000000ed000000)
  to   space 18944K, 0% used [0x00000000f0080000,0x00000000f0080000,0x00000000f1300000)
 ParOldGen       total 122368K, used 31717K [0x00000000a0000000, 0x00000000a7780000, 0x00000000e0000000)
  object space 122368K, 25% used [0x00000000a0000000,0x00000000a1ef97a0,0x00000000a7780000)
 Metaspace       used 63419K, capacity 65312K, committed 65496K, reserved 1105920K
  class space    used 8464K, capacity 8937K, committed 8960K, reserved 1048576K
Event: 43.355 GC heap after
Heap after GC invocations=19 (full 3):
 PSYoungGen      total 262144K, used 64K [0x00000000e0000000, 0x00000000f4600000, 0x0000000100000000)
  eden space 243200K, 0% used [0x00000000e0000000,0x00000000e0000000,0x00000000eed80000)
  from space 18944K, 0% used [0x00000000f0080000,0x00000000f0090000,0x00000000f1300000)
  to   space 19456K, 0% used [0x00000000eed80000,0x00000000eed80000,0x00000000f0080000)
 ParOldGen       total 122368K, used 45922K [0x00000000a0000000, 0x00000000a7780000, 0x00000000e0000000)
  object space 122368K, 37% used [0x00000000a0000000,0x00000000a2cd8be8,0x00000000a7780000)
 Metaspace       used 63419K, capacity 65312K, committed 65496K, reserved 1105920K
  class space    used 8464K, capacity 8937K, committed 8960K, reserved 1048576K
}
Event: 57.422 GC heap before
{Heap before GC invocations=20 (full 3):
 PSYoungGen      total 262144K, used 243264K [0x00000000e0000000, 0x00000000f4600000, 0x0000000100000000)
  eden space 243200K, 100% used [0x00000000e0000000,0x00000000eed80000,0x00000000eed80000)
  from space 18944K, 0% used [0x00000000f0080000,0x00000000f0090000,0x00000000f1300000)
  to   space 19456K, 0% used [0x00000000eed80000,0x00000000eed80000,0x00000000f0080000)
 ParOldGen       total 122368K, used 45922K [0x00000000a0000000, 0x00000000a7780000, 0x00000000e0000000)
  object space 122368K, 37% used [0x00000000a0000000,0x00000000a2cd8be8,0x00000000a7780000)
 Metaspace       used 73040K, capacity 75938K, committed 75992K, reserved 1116160K
  class space    used 9643K, capacity 10238K, committed 10240K, reserved 1048576K
Event: 57.449 GC heap after
Heap after GC invocations=20 (full 3):
 PSYoungGen      total 262656K, used 10902K [0x00000000e0000000, 0x00000000f5e00000, 0x0000000100000000)
  eden space 243200K, 0% used [0x00000000e0000000,0x00000000e0000000,0x00000000eed80000)
  from space 19456K, 56% used [0x00000000eed80000,0x00000000ef825868,0x00000000f0080000)
  to   space 19456K, 0% used [0x00000000f4b00000,0x00000000f4b00000,0x00000000f5e00000)
 ParOldGen       total 122368K, used 45954K [0x00000000a0000000, 0x00000000a7780000, 0x00000000e0000000)
  object space 122368K, 37% used [0x00000000a0000000,0x00000000a2ce0be8,0x00000000a7780000)
 Metaspace       used 73040K, capacity 75938K, committed 75992K, reserved 1116160K
  class space    used 9643K, capacity 10238K, committed 10240K, reserved 1048576K
}
Event: 62.607 GC heap before
{Heap before GC invocations=21 (full 3):
 PSYoungGen      total 262656K, used 254102K [0x00000000e0000000, 0x00000000f5e00000, 0x0000000100000000)
  eden space 243200K, 100% used [0x00000000e0000000,0x00000000eed80000,0x00000000eed80000)
  from space 19456K, 56% used [0x00000000eed80000,0x00000000ef825868,0x00000000f0080000)
  to   space 19456K, 0% used [0x00000000f4b00000,0x00000000f4b00000,0x00000000f5e00000)
 ParOldGen       total 122368K, used 45954K [0x00000000a0000000, 0x00000000a7780000, 0x00000000e0000000)
  object space 122368K, 37% used [0x00000000a0000000,0x00000000a2ce0be8,0x00000000a7780000)
 Metaspace       used 74394K, capacity 77410K, committed 77784K, reserved 1116160K
  class space    used 9770K, capacity 10372K, committed 10496K, reserved 1048576K
Event: 62.629 GC heap after
Heap after GC invocations=21 (full 3):
 PSYoungGen      total 328704K, used 3745K [0x00000000e0000000, 0x00000000f5880000, 0x0000000100000000)
  eden space 314880K, 0% used [0x00000000e0000000,0x00000000e0000000,0x00000000f3380000)
  from space 13824K, 27% used [0x00000000f4b00000,0x00000000f4ea8788,0x00000000f5880000)
  to   space 18944K, 0% used [0x00000000f3380000,0x00000000f3380000,0x00000000f4600000)
 ParOldGen       total 122368K, used 47983K [0x00000000a0000000, 0x00000000a7780000, 0x00000000e0000000)
  object space 122368K, 39% used [0x00000000a0000000,0x00000000a2edbe80,0x00000000a7780000)
 Metaspace       used 74394K, capacity 77410K, committed 77784K, reserved 1116160K
  class space    used 9770K, capacity 10372K, committed 10496K, reserved 1048576K
}
Event: 887.446 GC heap before
{Heap before GC invocations=22 (full 3):
 PSYoungGen      total 328704K, used 318526K [0x00000000e0000000, 0x00000000f5880000, 0x0000000100000000)
  eden space 314880K, 99% used [0x00000000e0000000,0x00000000f33670e0,0x00000000f3380000)
  from space 13824K, 27% used [0x00000000f4b00000,0x00000000f4ea8788,0x00000000f5880000)
  to   space 18944K, 0% used [0x00000000f3380000,0x00000000f3380000,0x00000000f4600000)
 ParOldGen       total 122368K, used 47983K [0x00000000a0000000, 0x00000000a7780000, 0x00000000e0000000)
  object space 122368K, 39% used [0x00000000a0000000,0x00000000a2edbe80,0x00000000a7780000)
 Metaspace       used 79326K, capacity 82616K, committed 82904K, reserved 1122304K
  class space    used 10243K, capacity 10899K, committed 11008K, reserved 1048576K
Event: 887.474 GC heap after
Heap after GC invocations=22 (full 3):
 PSYoungGen      total 333824K, used 18479K [0x00000000e0000000, 0x00000000fb180000, 0x0000000100000000)
  eden space 314880K, 0% used [0x00000000e0000000,0x00000000e0000000,0x00000000f3380000)
  from space 18944K, 97% used [0x00000000f3380000,0x00000000f458be38,0x00000000f4600000)
  to   space 22016K, 0% used [0x00000000f9c00000,0x00000000f9c00000,0x00000000fb180000)
 ParOldGen       total 122368K, used 48495K [0x00000000a0000000, 0x00000000a7780000, 0x00000000e0000000)
  object space 122368K, 39% used [0x00000000a0000000,0x00000000a2f5beb0,0x00000000a7780000)
 Metaspace       used 79326K, capacity 82616K, committed 82904K, reserved 1122304K
  class space    used 10243K, capacity 10899K, committed 11008K, reserved 1048576K
}

