# JRE version: OpenJDK Runtime Environment (8.0_152-b02) (build 1.8.0_152-release-1024-b02)
# Java VM: OpenJDK 64-Bit Server VM (25.152-b02 mixed mode windows-amd64 compressed oops)
Heap:
 PSYoungGen      total 228352K, used 69194K [0x00000000e0000000, 0x00000000efa00000, 0x0000000100000000)
  eden space 203264K, 30% used [0x00000000e0000000,0x00000000e3cf2978,0x00000000ec680000)
  from space 25088K, 27% used [0x00000000ede80000,0x00000000ee520040,0x00000000ef700000)
  to   space 24576K, 0% used [0x00000000ec680000,0x00000000ec680000,0x00000000ede80000)
 ParOldGen       total 161792K, used 44684K [0x00000000a0000000, 0x00000000a9e00000, 0x00000000e0000000)
  object space 161792K, 27% used [0x00000000a0000000,0x00000000a2ba3250,0x00000000a9e00000)
 Metaspace       used 68857K, capacity 71460K, committed 71808K, reserved 1112064K
  class space    used 9093K, capacity 9731K, committed 9856K, reserved 1048576K
GC Heap History (10 events):
Event: 11.200 GC heap before
{Heap before GC invocations=11 (full 2):
 PSYoungGen      total 155648K, used 155619K [0x00000000e0000000, 0x00000000ed080000, 0x0000000100000000)
  eden space 142848K, 100% used [0x00000000e0000000,0x00000000e8b80000,0x00000000e8b80000)
  from space 12800K, 99% used [0x00000000e9a80000,0x00000000ea6f8c78,0x00000000ea700000)
  to   space 15360K, 0% used [0x00000000e8b80000,0x00000000e8b80000,0x00000000e9a80000)
 ParOldGen       total 104960K, used 22620K [0x00000000a0000000, 0x00000000a6680000, 0x00000000e0000000)
  object space 104960K, 21% used [0x00000000a0000000,0x00000000a1617268,0x00000000a6680000)
 Metaspace       used 53546K, capacity 55356K, committed 55552K, reserved 1097728K
  class space    used 7407K, capacity 7859K, committed 7936K, reserved 1048576K
Event: 11.232 GC heap after
Heap after GC invocations=11 (full 2):
 PSYoungGen      total 158208K, used 15358K [0x00000000e0000000, 0x00000000ed380000, 0x0000000100000000)
  eden space 142848K, 0% used [0x00000000e0000000,0x00000000e0000000,0x00000000e8b80000)
  from space 15360K, 99% used [0x00000000e8b80000,0x00000000e9a7fbf8,0x00000000e9a80000)
  to   space 20480K, 0% used [0x00000000ebf80000,0x00000000ebf80000,0x00000000ed380000)
 ParOldGen       total 104960K, used 29542K [0x00000000a0000000, 0x00000000a6680000, 0x00000000e0000000)
  object space 104960K, 28% used [0x00000000a0000000,0x00000000a1cd9ae8,0x00000000a6680000)
 Metaspace       used 53546K, capacity 55356K, committed 55552K, reserved 1097728K
  class space    used 7407K, capacity 7859K, committed 7936K, reserved 1048576K
}
Event: 15.144 GC heap before
{Heap before GC invocations=12 (full 2):
 PSYoungGen      total 158208K, used 143678K [0x00000000e0000000, 0x00000000ed380000, 0x0000000100000000)
  eden space 142848K, 89% used [0x00000000e0000000,0x00000000e7d4fc20,0x00000000e8b80000)
  from space 15360K, 99% used [0x00000000e8b80000,0x00000000e9a7fbf8,0x00000000e9a80000)
  to   space 20480K, 0% used [0x00000000ebf80000,0x00000000ebf80000,0x00000000ed380000)
 ParOldGen       total 104960K, used 29542K [0x00000000a0000000, 0x00000000a6680000, 0x00000000e0000000)
  object space 104960K, 28% used [0x00000000a0000000,0x00000000a1cd9ae8,0x00000000a6680000)
 Metaspace       used 56745K, capacity 58866K, committed 59028K, reserved 1099776K
  class space    used 7790K, capacity 8346K, committed 8448K, reserved 1048576K
Event: 15.293 GC heap after
Heap after GC invocations=12 (full 2):
 PSYoungGen      total 190464K, used 20466K [0x00000000e0000000, 0x00000000ee600000, 0x0000000100000000)
  eden space 169984K, 0% used [0x00000000e0000000,0x00000000e0000000,0x00000000ea600000)
  from space 20480K, 99% used [0x00000000ebf80000,0x00000000ed37c918,0x00000000ed380000)
  to   space 26112K, 0% used [0x00000000ea600000,0x00000000ea600000,0x00000000ebf80000)
 ParOldGen       total 104960K, used 38034K [0x00000000a0000000, 0x00000000a6680000, 0x00000000e0000000)
  object space 104960K, 36% used [0x00000000a0000000,0x00000000a2524960,0x00000000a6680000)
 Metaspace       used 56745K, capacity 58866K, committed 59028K, reserved 1099776K
  class space    used 7790K, capacity 8346K, committed 8448K, reserved 1048576K
}
Event: 15.293 GC heap before
{Heap before GC invocations=13 (full 3):
 PSYoungGen      total 190464K, used 20466K [0x00000000e0000000, 0x00000000ee600000, 0x0000000100000000)
  eden space 169984K, 0% used [0x00000000e0000000,0x00000000e0000000,0x00000000ea600000)
  from space 20480K, 99% used [0x00000000ebf80000,0x00000000ed37c918,0x00000000ed380000)
  to   space 26112K, 0% used [0x00000000ea600000,0x00000000ea600000,0x00000000ebf80000)
 ParOldGen       total 104960K, used 38034K [0x00000000a0000000, 0x00000000a6680000, 0x00000000e0000000)
  object space 104960K, 36% used [0x00000000a0000000,0x00000000a2524960,0x00000000a6680000)
 Metaspace       used 56745K, capacity 58866K, committed 59028K, reserved 1099776K
  class space    used 7790K, capacity 8346K, committed 8448K, reserved 1048576K
Event: 15.769 GC heap after
Heap after GC invocations=13 (full 3):
 PSYoungGen      total 190464K, used 0K [0x00000000e0000000, 0x00000000ee600000, 0x0000000100000000)
  eden space 169984K, 0% used [0x00000000e0000000,0x00000000e0000000,0x00000000ea600000)
  from space 20480K, 0% used [0x00000000ebf80000,0x00000000ebf80000,0x00000000ed380000)
  to   space 26112K, 0% used [0x00000000ea600000,0x00000000ea600000,0x00000000ebf80000)
 ParOldGen       total 161792K, used 44676K [0x00000000a0000000, 0x00000000a9e00000, 0x00000000e0000000)
  object space 161792K, 27% used [0x00000000a0000000,0x00000000a2ba1250,0x00000000a9e00000)
 Metaspace       used 56745K, capacity 58866K, committed 59028K, reserved 1099776K
  class space    used 7790K, capacity 8346K, committed 8448K, reserved 1048576K
}
Event: 65.252 GC heap before
{Heap before GC invocations=14 (full 3):
 PSYoungGen      total 190464K, used 169984K [0x00000000e0000000, 0x00000000ee600000, 0x0000000100000000)
  eden space 169984K, 100% used [0x00000000e0000000,0x00000000ea600000,0x00000000ea600000)
  from space 20480K, 0% used [0x00000000ebf80000,0x00000000ebf80000,0x00000000ed380000)
  to   space 26112K, 0% used [0x00000000ea600000,0x00000000ea600000,0x00000000ebf80000)
 ParOldGen       total 161792K, used 44676K [0x00000000a0000000, 0x00000000a9e00000, 0x00000000e0000000)
  object space 161792K, 27% used [0x00000000a0000000,0x00000000a2ba1250,0x00000000a9e00000)
 Metaspace       used 63165K, capacity 65754K, committed 65920K, reserved 1105920K
  class space    used 8459K, capacity 9086K, committed 9088K, reserved 1048576K
Event: 65.304 GC heap after
Heap after GC invocations=14 (full 3):
 PSYoungGen      total 196096K, used 11091K [0x00000000e0000000, 0x00000000ef700000, 0x0000000100000000)
  eden space 169984K, 0% used [0x00000000e0000000,0x00000000e0000000,0x00000000ea600000)
  from space 26112K, 42% used [0x00000000ea600000,0x00000000eb0d4da8,0x00000000ebf80000)
  to   space 25088K, 0% used [0x00000000ede80000,0x00000000ede80000,0x00000000ef700000)
 ParOldGen       total 161792K, used 44684K [0x00000000a0000000, 0x00000000a9e00000, 0x00000000e0000000)
  object space 161792K, 27% used [0x00000000a0000000,0x00000000a2ba3250,0x00000000a9e00000)
 Metaspace       used 63165K, capacity 65754K, committed 65920K, reserved 1105920K
  class space    used 8459K, capacity 9086K, committed 9088K, reserved 1048576K
}
Event: 67.489 GC heap before
{Heap before GC invocations=15 (full 3):
 PSYoungGen      total 196096K, used 181075K [0x00000000e0000000, 0x00000000ef700000, 0x0000000100000000)
  eden space 169984K, 100% used [0x00000000e0000000,0x00000000ea600000,0x00000000ea600000)
  from space 26112K, 42% used [0x00000000ea600000,0x00000000eb0d4da8,0x00000000ebf80000)
  to   space 25088K, 0% used [0x00000000ede80000,0x00000000ede80000,0x00000000ef700000)
 ParOldGen       total 161792K, used 44684K [0x00000000a0000000, 0x00000000a9e00000, 0x00000000e0000000)
  object space 161792K, 27% used [0x00000000a0000000,0x00000000a2ba3250,0x00000000a9e00000)
 Metaspace       used 63461K, capacity 66048K, committed 66304K, reserved 1105920K
  class space    used 8494K, capacity 9119K, committed 9216K, reserved 1048576K
Event: 67.546 GC heap after
Heap after GC invocations=15 (full 3):
 PSYoungGen      total 228352K, used 6784K [0x00000000e0000000, 0x00000000efa00000, 0x0000000100000000)
  eden space 203264K, 0% used [0x00000000e0000000,0x00000000e0000000,0x00000000ec680000)
  from space 25088K, 27% used [0x00000000ede80000,0x00000000ee520040,0x00000000ef700000)
  to   space 24576K, 0% used [0x00000000ec680000,0x00000000ec680000,0x00000000ede80000)
 ParOldGen       total 161792K, used 44684K [0x00000000a0000000, 0x00000000a9e00000, 0x00000000e0000000)
  object space 161792K, 27% used [0x00000000a0000000,0x00000000a2ba3250,0x00000000a9e00000)
 Metaspace       used 63461K, capacity 66048K, committed 66304K, reserved 1105920K
  class space    used 8494K, capacity 9119K, committed 9216K, reserved 1048576K
}

