# JRE version: OpenJDK Runtime Environment (8.0_152-b02) (build 1.8.0_152-release-1024-b02)
# Java VM: OpenJDK 64-Bit Server VM (25.152-b02 mixed mode windows-amd64 compressed oops)
Heap:
 PSYoungGen      total 179200K, used 17618K [0x00000000e0000000, 0x00000000ecb00000, 0x0000000100000000)
  eden space 157696K, 1% used [0x00000000e0000000,0x00000000e0243910,0x00000000e9a00000)
  from space 21504K, 71% used [0x00000000eb600000,0x00000000ec4f0f88,0x00000000ecb00000)
  to   space 25088K, 0% used [0x00000000e9a00000,0x00000000e9a00000,0x00000000eb280000)
 ParOldGen       total 165376K, used 45190K [0x00000000a0000000, 0x00000000aa180000, 0x00000000e0000000)
  object space 165376K, 27% used [0x00000000a0000000,0x00000000a2c21998,0x00000000aa180000)
 Metaspace       used 70764K, capacity 73956K, committed 74240K, reserved 1114112K
  class space    used 9446K, capacity 10171K, committed 10240K, reserved 1048576K
GC Heap History (10 events):
Event: 9.708 GC heap before
{Heap before GC invocations=15 (full 2):
 PSYoungGen      total 120320K, used 120292K [0x00000000e0000000, 0x00000000e8f00000, 0x0000000100000000)
  eden space 105472K, 100% used [0x00000000e0000000,0x00000000e6700000,0x00000000e6700000)
  from space 14848K, 99% used [0x00000000e7880000,0x00000000e86f9338,0x00000000e8700000)
  to   space 17920K, 0% used [0x00000000e6700000,0x00000000e6700000,0x00000000e7880000)
 ParOldGen       total 104448K, used 21768K [0x00000000a0000000, 0x00000000a6600000, 0x00000000e0000000)
  object space 104448K, 20% used [0x00000000a0000000,0x00000000a15422f0,0x00000000a6600000)
 Metaspace       used 54261K, capacity 56162K, committed 56448K, reserved 1097728K
  class space    used 7536K, capacity 8019K, committed 8064K, reserved 1048576K
Event: 9.734 GC heap after
Heap after GC invocations=15 (full 2):
 PSYoungGen      total 123392K, used 17902K [0x00000000e0000000, 0x00000000eb380000, 0x0000000100000000)
  eden space 105472K, 0% used [0x00000000e0000000,0x00000000e0000000,0x00000000e6700000)
  from space 17920K, 99% used [0x00000000e6700000,0x00000000e787bbe8,0x00000000e7880000)
  to   space 23552K, 0% used [0x00000000e9c80000,0x00000000e9c80000,0x00000000eb380000)
 ParOldGen       total 104448K, used 31201K [0x00000000a0000000, 0x00000000a6600000, 0x00000000e0000000)
  object space 104448K, 29% used [0x00000000a0000000,0x00000000a1e78500,0x00000000a6600000)
 Metaspace       used 54261K, capacity 56162K, committed 56448K, reserved 1097728K
  class space    used 7536K, capacity 8019K, committed 8064K, reserved 1048576K
}
Event: 10.939 GC heap before
{Heap before GC invocations=16 (full 2):
 PSYoungGen      total 123392K, used 67233K [0x00000000e0000000, 0x00000000eb380000, 0x0000000100000000)
  eden space 105472K, 46% used [0x00000000e0000000,0x00000000e302cb38,0x00000000e6700000)
  from space 17920K, 99% used [0x00000000e6700000,0x00000000e787bbe8,0x00000000e7880000)
  to   space 23552K, 0% used [0x00000000e9c80000,0x00000000e9c80000,0x00000000eb380000)
 ParOldGen       total 104448K, used 31201K [0x00000000a0000000, 0x00000000a6600000, 0x00000000e0000000)
  object space 104448K, 29% used [0x00000000a0000000,0x00000000a1e78500,0x00000000a6600000)
 Metaspace       used 56850K, capacity 58924K, committed 59028K, reserved 1099776K
  class space    used 7799K, capacity 8345K, committed 8448K, reserved 1048576K
Event: 10.967 GC heap after
Heap after GC invocations=16 (full 2):
 PSYoungGen      total 157184K, used 21925K [0x00000000e0000000, 0x00000000eba00000, 0x0000000100000000)
  eden space 133632K, 0% used [0x00000000e0000000,0x00000000e0000000,0x00000000e8280000)
  from space 23552K, 93% used [0x00000000e9c80000,0x00000000eb1e9508,0x00000000eb380000)
  to   space 26624K, 0% used [0x00000000e8280000,0x00000000e8280000,0x00000000e9c80000)
 ParOldGen       total 104448K, used 31209K [0x00000000a0000000, 0x00000000a6600000, 0x00000000e0000000)
  object space 104448K, 29% used [0x00000000a0000000,0x00000000a1e7a500,0x00000000a6600000)
 Metaspace       used 56850K, capacity 58924K, committed 59028K, reserved 1099776K
  class space    used 7799K, capacity 8345K, committed 8448K, reserved 1048576K
}
Event: 10.967 GC heap before
{Heap before GC invocations=17 (full 3):
 PSYoungGen      total 157184K, used 21925K [0x00000000e0000000, 0x00000000eba00000, 0x0000000100000000)
  eden space 133632K, 0% used [0x00000000e0000000,0x00000000e0000000,0x00000000e8280000)
  from space 23552K, 93% used [0x00000000e9c80000,0x00000000eb1e9508,0x00000000eb380000)
  to   space 26624K, 0% used [0x00000000e8280000,0x00000000e8280000,0x00000000e9c80000)
 ParOldGen       total 104448K, used 31209K [0x00000000a0000000, 0x00000000a6600000, 0x00000000e0000000)
  object space 104448K, 29% used [0x00000000a0000000,0x00000000a1e7a500,0x00000000a6600000)
 Metaspace       used 56850K, capacity 58924K, committed 59028K, reserved 1099776K
  class space    used 7799K, capacity 8345K, committed 8448K, reserved 1048576K
Event: 11.227 GC heap after
Heap after GC invocations=17 (full 3):
 PSYoungGen      total 157184K, used 0K [0x00000000e0000000, 0x00000000eba00000, 0x0000000100000000)
  eden space 133632K, 0% used [0x00000000e0000000,0x00000000e0000000,0x00000000e8280000)
  from space 23552K, 0% used [0x00000000e9c80000,0x00000000e9c80000,0x00000000eb380000)
  to   space 26624K, 0% used [0x00000000e8280000,0x00000000e8280000,0x00000000e9c80000)
 ParOldGen       total 165376K, used 45174K [0x00000000a0000000, 0x00000000aa180000, 0x00000000e0000000)
  object space 165376K, 27% used [0x00000000a0000000,0x00000000a2c1d998,0x00000000aa180000)
 Metaspace       used 56850K, capacity 58924K, committed 59028K, reserved 1099776K
  class space    used 7799K, capacity 8345K, committed 8448K, reserved 1048576K
}
Event: 31.377 GC heap before
{Heap before GC invocations=18 (full 3):
 PSYoungGen      total 157184K, used 133632K [0x00000000e0000000, 0x00000000eba00000, 0x0000000100000000)
  eden space 133632K, 100% used [0x00000000e0000000,0x00000000e8280000,0x00000000e8280000)
  from space 23552K, 0% used [0x00000000e9c80000,0x00000000e9c80000,0x00000000eb380000)
  to   space 26624K, 0% used [0x00000000e8280000,0x00000000e8280000,0x00000000e9c80000)
 ParOldGen       total 165376K, used 45174K [0x00000000a0000000, 0x00000000aa180000, 0x00000000e0000000)
  object space 165376K, 27% used [0x00000000a0000000,0x00000000a2c1d998,0x00000000aa180000)
 Metaspace       used 62914K, capacity 65416K, committed 65664K, reserved 1105920K
  class space    used 8450K, capacity 9073K, committed 9088K, reserved 1048576K
Event: 31.391 GC heap after
Heap after GC invocations=18 (full 3):
 PSYoungGen      total 160256K, used 10154K [0x00000000e0000000, 0x00000000ece80000, 0x0000000100000000)
  eden space 133632K, 0% used [0x00000000e0000000,0x00000000e0000000,0x00000000e8280000)
  from space 26624K, 38% used [0x00000000e8280000,0x00000000e8c6a800,0x00000000e9c80000)
  to   space 25088K, 0% used [0x00000000eb600000,0x00000000eb600000,0x00000000ece80000)
 ParOldGen       total 165376K, used 45182K [0x00000000a0000000, 0x00000000aa180000, 0x00000000e0000000)
  object space 165376K, 27% used [0x00000000a0000000,0x00000000a2c1f998,0x00000000aa180000)
 Metaspace       used 62914K, capacity 65416K, committed 65664K, reserved 1105920K
  class space    used 8450K, capacity 9073K, committed 9088K, reserved 1048576K
}
Event: 38.163 GC heap before
{Heap before GC invocations=19 (full 3):
 PSYoungGen      total 160256K, used 143786K [0x00000000e0000000, 0x00000000ece80000, 0x0000000100000000)
  eden space 133632K, 100% used [0x00000000e0000000,0x00000000e8280000,0x00000000e8280000)
  from space 26624K, 38% used [0x00000000e8280000,0x00000000e8c6a800,0x00000000e9c80000)
  to   space 25088K, 0% used [0x00000000eb600000,0x00000000eb600000,0x00000000ece80000)
 ParOldGen       total 165376K, used 45182K [0x00000000a0000000, 0x00000000aa180000, 0x00000000e0000000)
  object space 165376K, 27% used [0x00000000a0000000,0x00000000a2c1f998,0x00000000aa180000)
 Metaspace       used 70727K, capacity 73806K, committed 73984K, reserved 1114112K
  class space    used 9443K, capacity 10166K, committed 10240K, reserved 1048576K
Event: 38.193 GC heap after
Heap after GC invocations=19 (full 3):
 PSYoungGen      total 179200K, used 15299K [0x00000000e0000000, 0x00000000ecb00000, 0x0000000100000000)
  eden space 157696K, 0% used [0x00000000e0000000,0x00000000e0000000,0x00000000e9a00000)
  from space 21504K, 71% used [0x00000000eb600000,0x00000000ec4f0f88,0x00000000ecb00000)
  to   space 25088K, 0% used [0x00000000e9a00000,0x00000000e9a00000,0x00000000eb280000)
 ParOldGen       total 165376K, used 45190K [0x00000000a0000000, 0x00000000aa180000, 0x00000000e0000000)
  object space 165376K, 27% used [0x00000000a0000000,0x00000000a2c21998,0x00000000aa180000)
 Metaspace       used 70727K, capacity 73806K, committed 73984K, reserved 1114112K
  class space    used 9443K, capacity 10166K, committed 10240K, reserved 1048576K
}

