# JRE version: OpenJDK Runtime Environment (8.0_152-b02) (build 1.8.0_152-release-1024-b02)
# Java VM: OpenJDK 64-Bit Server VM (25.152-b02 mixed mode windows-amd64 compressed oops)
Heap:
 PSYoungGen      total 273408K, used 228559K [0x00000000e0000000, 0x00000000f3a80000, 0x0000000100000000)
  eden space 252928K, 82% used [0x00000000e0000000,0x00000000ecb63810,0x00000000ef700000)
  from space 20480K, 99% used [0x00000000f2680000,0x00000000f3a50668,0x00000000f3a80000)
  to   space 25088K, 0% used [0x00000000f0980000,0x00000000f0980000,0x00000000f2200000)
 ParOldGen       total 136192K, used 42827K [0x00000000a0000000, 0x00000000a8500000, 0x00000000e0000000)
  object space 136192K, 31% used [0x00000000a0000000,0x00000000a29d2c70,0x00000000a8500000)
 Metaspace       used 67776K, capacity 70574K, committed 70784K, reserved 1110016K
  class space    used 8901K, capacity 9548K, committed 9600K, reserved 1048576K
GC Heap History (10 events):
Event: 11.578 GC heap before
{Heap before GC invocations=11 (full 2):
 PSYoungGen      total 159232K, used 145408K [0x00000000e0000000, 0x00000000ee980000, 0x0000000100000000)
  eden space 145408K, 100% used [0x00000000e0000000,0x00000000e8e00000,0x00000000e8e00000)
  from space 13824K, 0% used [0x00000000e9b80000,0x00000000e9b80000,0x00000000ea900000)
  to   space 13824K, 0% used [0x00000000e8e00000,0x00000000e8e00000,0x00000000e9b80000)
 ParOldGen       total 88064K, used 16393K [0x00000000a0000000, 0x00000000a5600000, 0x00000000e0000000)
  object space 88064K, 18% used [0x00000000a0000000,0x00000000a10025f0,0x00000000a5600000)
 Metaspace       used 46738K, capacity 47904K, committed 48256K, reserved 1091584K
  class space    used 6338K, capacity 6700K, committed 6784K, reserved 1048576K
Event: 11.612 GC heap after
Heap after GC invocations=11 (full 2):
 PSYoungGen      total 159232K, used 13821K [0x00000000e0000000, 0x00000000ee480000, 0x0000000100000000)
  eden space 145408K, 0% used [0x00000000e0000000,0x00000000e0000000,0x00000000e8e00000)
  from space 13824K, 99% used [0x00000000e8e00000,0x00000000e9b7f5a8,0x00000000e9b80000)
  to   space 16896K, 0% used [0x00000000ed400000,0x00000000ed400000,0x00000000ee480000)
 ParOldGen       total 88064K, used 19364K [0x00000000a0000000, 0x00000000a5600000, 0x00000000e0000000)
  object space 88064K, 21% used [0x00000000a0000000,0x00000000a12e9010,0x00000000a5600000)
 Metaspace       used 46738K, capacity 47904K, committed 48256K, reserved 1091584K
  class space    used 6338K, capacity 6700K, committed 6784K, reserved 1048576K
}
Event: 13.629 GC heap before
{Heap before GC invocations=12 (full 2):
 PSYoungGen      total 159232K, used 159229K [0x00000000e0000000, 0x00000000ee480000, 0x0000000100000000)
  eden space 145408K, 100% used [0x00000000e0000000,0x00000000e8e00000,0x00000000e8e00000)
  from space 13824K, 99% used [0x00000000e8e00000,0x00000000e9b7f5a8,0x00000000e9b80000)
  to   space 16896K, 0% used [0x00000000ed400000,0x00000000ed400000,0x00000000ee480000)
 ParOldGen       total 88064K, used 19364K [0x00000000a0000000, 0x00000000a5600000, 0x00000000e0000000)
  object space 88064K, 21% used [0x00000000a0000000,0x00000000a12e9010,0x00000000a5600000)
 Metaspace       used 56648K, capacity 58524K, committed 58624K, reserved 1099776K
  class space    used 7722K, capacity 8187K, committed 8192K, reserved 1048576K
Event: 13.685 GC heap after
Heap after GC invocations=12 (full 2):
 PSYoungGen      total 212992K, used 16870K [0x00000000e0000000, 0x00000000eed00000, 0x0000000100000000)
  eden space 196096K, 0% used [0x00000000e0000000,0x00000000e0000000,0x00000000ebf80000)
  from space 16896K, 99% used [0x00000000ed400000,0x00000000ee479bc8,0x00000000ee480000)
  to   space 20992K, 0% used [0x00000000ebf80000,0x00000000ebf80000,0x00000000ed400000)
 ParOldGen       total 88064K, used 25357K [0x00000000a0000000, 0x00000000a5600000, 0x00000000e0000000)
  object space 88064K, 28% used [0x00000000a0000000,0x00000000a18c34f0,0x00000000a5600000)
 Metaspace       used 56648K, capacity 58524K, committed 58624K, reserved 1099776K
  class space    used 7722K, capacity 8187K, committed 8192K, reserved 1048576K
}
Event: 14.159 GC heap before
{Heap before GC invocations=13 (full 2):
 PSYoungGen      total 212992K, used 93907K [0x00000000e0000000, 0x00000000eed00000, 0x0000000100000000)
  eden space 196096K, 39% used [0x00000000e0000000,0x00000000e4b3b160,0x00000000ebf80000)
  from space 16896K, 99% used [0x00000000ed400000,0x00000000ee479bc8,0x00000000ee480000)
  to   space 20992K, 0% used [0x00000000ebf80000,0x00000000ebf80000,0x00000000ed400000)
 ParOldGen       total 88064K, used 25357K [0x00000000a0000000, 0x00000000a5600000, 0x00000000e0000000)
  object space 88064K, 28% used [0x00000000a0000000,0x00000000a18c34f0,0x00000000a5600000)
 Metaspace       used 57150K, capacity 58980K, committed 59028K, reserved 1099776K
  class space    used 7796K, capacity 8273K, committed 8320K, reserved 1048576K
Event: 14.194 GC heap after
Heap after GC invocations=13 (full 2):
 PSYoungGen      total 217088K, used 17992K [0x00000000e0000000, 0x00000000f3c80000, 0x0000000100000000)
  eden space 196096K, 0% used [0x00000000e0000000,0x00000000e0000000,0x00000000ebf80000)
  from space 20992K, 85% used [0x00000000ebf80000,0x00000000ed112228,0x00000000ed400000)
  to   space 22528K, 0% used [0x00000000f2680000,0x00000000f2680000,0x00000000f3c80000)
 ParOldGen       total 88064K, used 33887K [0x00000000a0000000, 0x00000000a5600000, 0x00000000e0000000)
  object space 88064K, 38% used [0x00000000a0000000,0x00000000a2117e98,0x00000000a5600000)
 Metaspace       used 57150K, capacity 58980K, committed 59028K, reserved 1099776K
  class space    used 7796K, capacity 8273K, committed 8320K, reserved 1048576K
}
Event: 14.194 GC heap before
{Heap before GC invocations=14 (full 3):
 PSYoungGen      total 217088K, used 17992K [0x00000000e0000000, 0x00000000f3c80000, 0x0000000100000000)
  eden space 196096K, 0% used [0x00000000e0000000,0x00000000e0000000,0x00000000ebf80000)
  from space 20992K, 85% used [0x00000000ebf80000,0x00000000ed112228,0x00000000ed400000)
  to   space 22528K, 0% used [0x00000000f2680000,0x00000000f2680000,0x00000000f3c80000)
 ParOldGen       total 88064K, used 33887K [0x00000000a0000000, 0x00000000a5600000, 0x00000000e0000000)
  object space 88064K, 38% used [0x00000000a0000000,0x00000000a2117e98,0x00000000a5600000)
 Metaspace       used 57150K, capacity 58980K, committed 59028K, reserved 1099776K
  class space    used 7796K, capacity 8273K, committed 8320K, reserved 1048576K
Event: 14.487 GC heap after
Heap after GC invocations=14 (full 3):
 PSYoungGen      total 217088K, used 0K [0x00000000e0000000, 0x00000000f3c80000, 0x0000000100000000)
  eden space 196096K, 0% used [0x00000000e0000000,0x00000000e0000000,0x00000000ebf80000)
  from space 20992K, 0% used [0x00000000ebf80000,0x00000000ebf80000,0x00000000ed400000)
  to   space 22528K, 0% used [0x00000000f2680000,0x00000000f2680000,0x00000000f3c80000)
 ParOldGen       total 136192K, used 42819K [0x00000000a0000000, 0x00000000a8500000, 0x00000000e0000000)
  object space 136192K, 31% used [0x00000000a0000000,0x00000000a29d0c70,0x00000000a8500000)
 Metaspace       used 57150K, capacity 58980K, committed 59028K, reserved 1099776K
  class space    used 7796K, capacity 8273K, committed 8320K, reserved 1048576K
}
Event: 34.377 GC heap before
{Heap before GC invocations=15 (full 3):
 PSYoungGen      total 217088K, used 196096K [0x00000000e0000000, 0x00000000f3c80000, 0x0000000100000000)
  eden space 196096K, 100% used [0x00000000e0000000,0x00000000ebf80000,0x00000000ebf80000)
  from space 20992K, 0% used [0x00000000ebf80000,0x00000000ebf80000,0x00000000ed400000)
  to   space 22528K, 0% used [0x00000000f2680000,0x00000000f2680000,0x00000000f3c80000)
 ParOldGen       total 136192K, used 42819K [0x00000000a0000000, 0x00000000a8500000, 0x00000000e0000000)
  object space 136192K, 31% used [0x00000000a0000000,0x00000000a29d0c70,0x00000000a8500000)
 Metaspace       used 64713K, capacity 67010K, committed 67328K, reserved 1107968K
  class space    used 8548K, capacity 9150K, committed 9216K, reserved 1048576K
Event: 34.398 GC heap after
Heap after GC invocations=15 (full 3):
 PSYoungGen      total 273408K, used 20289K [0x00000000e0000000, 0x00000000f3a80000, 0x0000000100000000)
  eden space 252928K, 0% used [0x00000000e0000000,0x00000000e0000000,0x00000000ef700000)
  from space 20480K, 99% used [0x00000000f2680000,0x00000000f3a50668,0x00000000f3a80000)
  to   space 25088K, 0% used [0x00000000f0980000,0x00000000f0980000,0x00000000f2200000)
 ParOldGen       total 136192K, used 42827K [0x00000000a0000000, 0x00000000a8500000, 0x00000000e0000000)
  object space 136192K, 31% used [0x00000000a0000000,0x00000000a29d2c70,0x00000000a8500000)
 Metaspace       used 64713K, capacity 67010K, committed 67328K, reserved 1107968K
  class space    used 8548K, capacity 9150K, committed 9216K, reserved 1048576K
}

