# JRE version: OpenJDK Runtime Environment (8.0_152-b02) (build 1.8.0_152-release-1024-b02)
# Java VM: OpenJDK 64-Bit Server VM (25.152-b02 mixed mode windows-amd64 compressed oops)
Heap:
 PSYoungGen      total 226816K, used 180108K [0x00000000e0000000, 0x00000000eeb80000, 0x0000000100000000)
  eden space 211968K, 84% used [0x00000000e0000000,0x00000000eafe3230,0x00000000ecf00000)
  from space 14848K, 0% used [0x00000000edc80000,0x00000000edc80000,0x00000000eeb00000)
  to   space 13824K, 0% used [0x00000000ecf00000,0x00000000ecf00000,0x00000000edc80000)
 ParOldGen       total 98816K, used 17662K [0x00000000a0000000, 0x00000000a6080000, 0x00000000e0000000)
  object space 98816K, 17% used [0x00000000a0000000,0x00000000a113f920,0x00000000a6080000)
 Metaspace       used 48519K, capacity 49782K, committed 49920K, reserved 1093632K
  class space    used 6580K, capacity 6910K, committed 6912K, reserved 1048576K
GC Heap History (10 events):
Event: 4.755 GC heap before
{Heap before GC invocations=4 (full 0):
 PSYoungGen      total 71680K, used 21083K [0x00000000e0000000, 0x00000000e8c00000, 0x0000000100000000)
  eden space 66560K, 23% used [0x00000000e0000000,0x00000000e0f987c0,0x00000000e4100000)
  from space 5120K, 99% used [0x00000000e4100000,0x00000000e45fe660,0x00000000e4600000)
  to   space 5120K, 0% used [0x00000000e8700000,0x00000000e8700000,0x00000000e8c00000)
 ParOldGen       total 87552K, used 6559K [0x00000000a0000000, 0x00000000a5580000, 0x00000000e0000000)
  object space 87552K, 7% used [0x00000000a0000000,0x00000000a0667fc0,0x00000000a5580000)
 Metaspace       used 20817K, capacity 21212K, committed 21248K, reserved 1067008K
  class space    used 2895K, capacity 3042K, committed 3072K, reserved 1048576K
Event: 4.766 GC heap after
Heap after GC invocations=4 (full 0):
 PSYoungGen      total 138240K, used 5107K [0x00000000e0000000, 0x00000000e8c00000, 0x0000000100000000)
  eden space 133120K, 0% used [0x00000000e0000000,0x00000000e0000000,0x00000000e8200000)
  from space 5120K, 99% used [0x00000000e8700000,0x00000000e8bfceb8,0x00000000e8c00000)
  to   space 5120K, 0% used [0x00000000e8200000,0x00000000e8200000,0x00000000e8700000)
 ParOldGen       total 87552K, used 9203K [0x00000000a0000000, 0x00000000a5580000, 0x00000000e0000000)
  object space 87552K, 10% used [0x00000000a0000000,0x00000000a08fcdf8,0x00000000a5580000)
 Metaspace       used 20817K, capacity 21212K, committed 21248K, reserved 1067008K
  class space    used 2895K, capacity 3042K, committed 3072K, reserved 1048576K
}
Event: 4.766 GC heap before
{Heap before GC invocations=5 (full 1):
 PSYoungGen      total 138240K, used 5107K [0x00000000e0000000, 0x00000000e8c00000, 0x0000000100000000)
  eden space 133120K, 0% used [0x00000000e0000000,0x00000000e0000000,0x00000000e8200000)
  from space 5120K, 99% used [0x00000000e8700000,0x00000000e8bfceb8,0x00000000e8c00000)
  to   space 5120K, 0% used [0x00000000e8200000,0x00000000e8200000,0x00000000e8700000)
 ParOldGen       total 87552K, used 9203K [0x00000000a0000000, 0x00000000a5580000, 0x00000000e0000000)
  object space 87552K, 10% used [0x00000000a0000000,0x00000000a08fcdf8,0x00000000a5580000)
 Metaspace       used 20817K, capacity 21212K, committed 21248K, reserved 1067008K
  class space    used 2895K, capacity 3042K, committed 3072K, reserved 1048576K
Event: 4.820 GC heap after
Heap after GC invocations=5 (full 1):
 PSYoungGen      total 138240K, used 0K [0x00000000e0000000, 0x00000000e8c00000, 0x0000000100000000)
  eden space 133120K, 0% used [0x00000000e0000000,0x00000000e0000000,0x00000000e8200000)
  from space 5120K, 0% used [0x00000000e8700000,0x00000000e8700000,0x00000000e8c00000)
  to   space 5120K, 0% used [0x00000000e8200000,0x00000000e8200000,0x00000000e8700000)
 ParOldGen       total 60928K, used 8281K [0x00000000a0000000, 0x00000000a3b80000, 0x00000000e0000000)
  object space 60928K, 13% used [0x00000000a0000000,0x00000000a0816790,0x00000000a3b80000)
 Metaspace       used 20817K, capacity 21212K, committed 21248K, reserved 1067008K
  class space    used 2895K, capacity 3042K, committed 3072K, reserved 1048576K
}
Event: 7.395 GC heap before
{Heap before GC invocations=6 (full 1):
 PSYoungGen      total 138240K, used 133120K [0x00000000e0000000, 0x00000000e8c00000, 0x0000000100000000)
  eden space 133120K, 100% used [0x00000000e0000000,0x00000000e8200000,0x00000000e8200000)
  from space 5120K, 0% used [0x00000000e8700000,0x00000000e8700000,0x00000000e8c00000)
  to   space 5120K, 0% used [0x00000000e8200000,0x00000000e8200000,0x00000000e8700000)
 ParOldGen       total 60928K, used 8281K [0x00000000a0000000, 0x00000000a3b80000, 0x00000000e0000000)
  object space 60928K, 13% used [0x00000000a0000000,0x00000000a0816790,0x00000000a3b80000)
 Metaspace       used 30031K, capacity 30602K, committed 30848K, reserved 1075200K
  class space    used 4202K, capacity 4390K, committed 4480K, reserved 1048576K
Event: 7.422 GC heap after
Heap after GC invocations=6 (full 1):
 PSYoungGen      total 138240K, used 5108K [0x00000000e0000000, 0x00000000eeb00000, 0x0000000100000000)
  eden space 133120K, 0% used [0x00000000e0000000,0x00000000e0000000,0x00000000e8200000)
  from space 5120K, 99% used [0x00000000e8200000,0x00000000e86fd010,0x00000000e8700000)
  to   space 14848K, 0% used [0x00000000edc80000,0x00000000edc80000,0x00000000eeb00000)
 ParOldGen       total 60928K, used 16477K [0x00000000a0000000, 0x00000000a3b80000, 0x00000000e0000000)
  object space 60928K, 27% used [0x00000000a0000000,0x00000000a10176b8,0x00000000a3b80000)
 Metaspace       used 30031K, capacity 30602K, committed 30848K, reserved 1075200K
  class space    used 4202K, capacity 4390K, committed 4480K, reserved 1048576K
}
Event: 8.024 GC heap before
{Heap before GC invocations=7 (full 1):
 PSYoungGen      total 138240K, used 30727K [0x00000000e0000000, 0x00000000eeb00000, 0x0000000100000000)
  eden space 133120K, 19% used [0x00000000e0000000,0x00000000e1904c18,0x00000000e8200000)
  from space 5120K, 99% used [0x00000000e8200000,0x00000000e86fd010,0x00000000e8700000)
  to   space 14848K, 0% used [0x00000000edc80000,0x00000000edc80000,0x00000000eeb00000)
 ParOldGen       total 60928K, used 16477K [0x00000000a0000000, 0x00000000a3b80000, 0x00000000e0000000)
  object space 60928K, 27% used [0x00000000a0000000,0x00000000a10176b8,0x00000000a3b80000)
 Metaspace       used 34694K, capacity 35322K, committed 35416K, reserved 1079296K
  class space    used 4777K, capacity 4971K, committed 4992K, reserved 1048576K
Event: 8.037 GC heap after
Heap after GC invocations=7 (full 1):
 PSYoungGen      total 226816K, used 8757K [0x00000000e0000000, 0x00000000eeb80000, 0x0000000100000000)
  eden space 211968K, 0% used [0x00000000e0000000,0x00000000e0000000,0x00000000ecf00000)
  from space 14848K, 58% used [0x00000000edc80000,0x00000000ee50d7f0,0x00000000eeb00000)
  to   space 13824K, 0% used [0x00000000ecf00000,0x00000000ecf00000,0x00000000edc80000)
 ParOldGen       total 60928K, used 16485K [0x00000000a0000000, 0x00000000a3b80000, 0x00000000e0000000)
  object space 60928K, 27% used [0x00000000a0000000,0x00000000a10196b8,0x00000000a3b80000)
 Metaspace       used 34694K, capacity 35322K, committed 35416K, reserved 1079296K
  class space    used 4777K, capacity 4971K, committed 4992K, reserved 1048576K
}
Event: 8.037 GC heap before
{Heap before GC invocations=8 (full 2):
 PSYoungGen      total 226816K, used 8757K [0x00000000e0000000, 0x00000000eeb80000, 0x0000000100000000)
  eden space 211968K, 0% used [0x00000000e0000000,0x00000000e0000000,0x00000000ecf00000)
  from space 14848K, 58% used [0x00000000edc80000,0x00000000ee50d7f0,0x00000000eeb00000)
  to   space 13824K, 0% used [0x00000000ecf00000,0x00000000ecf00000,0x00000000edc80000)
 ParOldGen       total 60928K, used 16485K [0x00000000a0000000, 0x00000000a3b80000, 0x00000000e0000000)
  object space 60928K, 27% used [0x00000000a0000000,0x00000000a10196b8,0x00000000a3b80000)
 Metaspace       used 34694K, capacity 35322K, committed 35416K, reserved 1079296K
  class space    used 4777K, capacity 4971K, committed 4992K, reserved 1048576K
Event: 8.132 GC heap after
Heap after GC invocations=8 (full 2):
 PSYoungGen      total 226816K, used 0K [0x00000000e0000000, 0x00000000eeb80000, 0x0000000100000000)
  eden space 211968K, 0% used [0x00000000e0000000,0x00000000e0000000,0x00000000ecf00000)
  from space 14848K, 0% used [0x00000000edc80000,0x00000000edc80000,0x00000000eeb00000)
  to   space 13824K, 0% used [0x00000000ecf00000,0x00000000ecf00000,0x00000000edc80000)
 ParOldGen       total 98816K, used 17662K [0x00000000a0000000, 0x00000000a6080000, 0x00000000e0000000)
  object space 98816K, 17% used [0x00000000a0000000,0x00000000a113f920,0x00000000a6080000)
 Metaspace       used 34694K, capacity 35322K, committed 35416K, reserved 1079296K
  class space    used 4777K, capacity 4971K, committed 4992K, reserved 1048576K
}

